<?xml version="1.0" encoding="UTF-8"?>
<!-- Generated by org.testng.reporters.JUnitXMLReporter -->
<testsuite ignored="0" hostname="DESKTOP-A2G1KPM" failures="0" tests="2" name="Test-Runner1" time="44.596" errors="0" timestamp="2025-05-03T17:36:05 IST">
  <testcase classname="inventoryTest.AddProductToCartTest" name="sample" time="0.045"/>
  <testcase classname="inventoryTest.AddProductToCartTest" name="tc_01_AddProductToCartTest" time="6.006"/>
</testsuite> <!-- Test-Runner1 -->
