<?xml version="1.0" encoding="UTF-8"?>
<!-- Generated by org.testng.reporters.JUnitXMLReporter -->
<testsuite ignored="0" hostname="DESKTOP-A2G1KPM" failures="0" tests="1" name="Test-Runner2" time="44.445" errors="0" timestamp="2025-05-03T17:36:05 IST">
  <testcase classname="inventoryTest.AddLowestPriceProDuctToCartUsingTestNg" name="tc_02_AddLowestPriceProductToCartTest" time="8.705"/>
</testsuite> <!-- Test-Runner2 -->
