<?xml version="1.0" encoding="UTF-8"?>
<!-- Generated by org.testng.reporters.JUnitReportReporter -->
<testsuite hostname="DESKTOP-A2G1KPM" failures="0" tests="3" name="practice.TestNGDataProvider" time="0.069" errors="0" timestamp="2025-05-01T16:31:02 IST" skipped="0">
  <testcase classname="practice.TestNGDataProvider" name="createSample" time="0.012"/>
  <system-out/>
  <testcase classname="practice.TestNGDataProvider" name="createSample" time="0.045"/>
  <system-out/>
  <testcase classname="practice.TestNGDataProvider" name="createSample" time="0.012"/>
  <system-out/>
</testsuite> <!-- practice.TestNGDataProvider -->
