<?xml version="1.0" encoding="UTF-8"?>
<!-- Generated by org.testng.reporters.JUnitReportReporter -->
<testsuite hostname="DESKTOP-A2G1KPM" failures="0" tests="1" name="inventoryTest.AddLowestPriceProDuctToCartUsingTestNg" time="10.854" errors="0" timestamp="2025-05-03T17:36:05 IST" skipped="0">
  <testcase classname="inventoryTest.AddLowestPriceProDuctToCartUsingTestNg" name="tc_02_AddLowestPriceProductToCartTest" time="10.854"/>
  <system-out/>
</testsuite> <!-- inventoryTest.AddLowestPriceProDuctToCartUsingTestNg -->
