<?xml version="1.0" encoding="UTF-8"?>
<!-- Generated by org.testng.reporters.JUnitReportReporter -->
<testsuite hostname="DESKTOP-A2G1KPM" failures="0" tests="4" name="inventoryTest.AddProductToCartTest" time="17.021" errors="0" timestamp="2025-05-10T19:01:34 IST" skipped="0">
  <testcase classname="inventoryTest.AddProductToCartTest" name="tc_01_AddProductToCartTest" time="4.802"/>
  <system-out/>
  <testcase classname="inventoryTest.AddProductToCartTest" name="sample" time="2.070"/>
  <system-out/>
  <testcase classname="inventoryTest.AddProductToCartTest" name="sample" time="5.009"/>
  <system-out/>
  <testcase classname="inventoryTest.AddProductToCartTest" name="tc_01_AddProductToCartTest" time="5.140"/>
  <system-out/>
</testsuite> <!-- inventoryTest.AddProductToCartTest -->
